2025-07-29 13:05:49,291 - __main__ - INFO - Бот запускается...
2025-07-29 13:05:49,291 - aiogram.dispatcher - INFO - Start polling
2025-07-29 13:05:49,505 - aiogram.dispatcher - INFO - Run polling for bot @Standart10_bot id=7987520742 - 'StandartBot'
2025-07-29 13:06:10,713 - aiogram.event - INFO - Update id=829031759 is handled. Duration 225 ms by bot id=7987520742
2025-07-29 13:06:22,373 - aiogram.event - INFO - Update id=829031760 is handled. Duration 101 ms by bot id=7987520742
2025-07-29 13:06:30,936 - aiogram.event - INFO - Update id=829031761 is handled. Duration 170 ms by bot id=7987520742
2025-07-29 13:07:36,287 - aiogram.event - INFO - Update id=829031762 is handled. Duration 0 ms by bot id=7987520742
2025-07-29 13:08:19,900 - aiogram.dispatcher - WARNING - Received SIGINT signal
2025-07-29 13:08:19,902 - aiogram.dispatcher - INFO - Polling stopped for bot @Standart10_bot id=7987520742 - 'StandartBot'
2025-07-29 13:08:19,902 - aiogram.dispatcher - INFO - Polling stopped
2025-07-29 13:09:34,547 - __main__ - INFO - Бот запускается...
2025-07-29 13:09:34,547 - aiogram.dispatcher - INFO - Start polling
2025-07-29 13:09:34,740 - aiogram.dispatcher - INFO - Run polling for bot @Standart10_bot id=7987520742 - 'StandartBot'
2025-07-29 13:09:42,491 - aiogram.event - INFO - Update id=829031763 is handled. Duration 210 ms by bot id=7987520742
2025-07-29 13:10:00,990 - aiogram.event - INFO - Update id=829031764 is handled. Duration 245 ms by bot id=7987520742
2025-07-29 13:10:17,307 - aiogram.event - INFO - Update id=829031765 is handled. Duration 283 ms by bot id=7987520742
2025-07-29 13:10:26,552 - aiogram.event - INFO - Update id=829031766 is handled. Duration 210 ms by bot id=7987520742
2025-07-29 13:10:34,335 - aiogram.event - INFO - Update id=829031767 is handled. Duration 206 ms by bot id=7987520742
2025-07-29 13:10:59,521 - aiogram.event - INFO - Update id=829031768 is handled. Duration 434 ms by bot id=7987520742
2025-07-29 13:16:40,837 - aiogram.event - INFO - Update id=829031769 is handled. Duration 0 ms by bot id=7987520742
2025-07-29 13:19:09,181 - aiogram.dispatcher - WARNING - Received SIGINT signal
2025-07-29 13:19:09,182 - aiogram.dispatcher - INFO - Polling stopped for bot @Standart10_bot id=7987520742 - 'StandartBot'
2025-07-29 13:19:09,183 - aiogram.dispatcher - INFO - Polling stopped
2025-07-29 13:19:27,188 - __main__ - INFO - Бот запускается...
2025-07-29 13:19:27,188 - aiogram.dispatcher - INFO - Start polling
2025-07-29 13:19:27,403 - aiogram.dispatcher - INFO - Run polling for bot @Standart10_bot id=7987520742 - 'StandartBot'
2025-07-29 13:19:32,865 - aiogram.event - INFO - Update id=829031770 is handled. Duration 221 ms by bot id=7987520742
2025-07-29 13:19:40,686 - aiogram.event - INFO - Update id=829031771 is handled. Duration 81 ms by bot id=7987520742
2025-07-29 13:19:48,769 - aiogram.event - INFO - Update id=829031772 is handled. Duration 173 ms by bot id=7987520742
2025-07-29 13:20:08,303 - aiogram.event - INFO - Update id=829031773 is handled. Duration 0 ms by bot id=7987520742
2025-07-29 13:30:04,830 - aiogram.dispatcher - WARNING - Received SIGINT signal
2025-07-29 13:30:04,831 - aiogram.dispatcher - INFO - Polling stopped for bot @Standart10_bot id=7987520742 - 'StandartBot'
2025-07-29 13:30:04,832 - aiogram.dispatcher - INFO - Polling stopped
2025-07-29 13:30:12,705 - __main__ - INFO - Бот запускается...
2025-07-29 13:30:12,705 - aiogram.dispatcher - INFO - Start polling
2025-07-29 13:30:12,919 - aiogram.dispatcher - INFO - Run polling for bot @Standart10_bot id=7987520742 - 'StandartBot'
2025-07-29 13:31:12,135 - aiogram.event - INFO - Update id=829031774 is handled. Duration 235 ms by bot id=7987520742
2025-07-29 13:31:18,933 - aiogram.event - INFO - Update id=829031775 is handled. Duration 101 ms by bot id=7987520742
2025-07-29 13:31:24,536 - aiogram.event - INFO - Update id=829031776 is handled. Duration 256 ms by bot id=7987520742
2025-07-29 13:31:41,691 - aiogram.event - INFO - Update id=829031777 is handled. Duration 409 ms by bot id=7987520742
2025-07-29 13:31:57,938 - aiogram.event - INFO - Update id=829031778 is handled. Duration 476 ms by bot id=7987520742
2025-07-29 13:32:12,018 - aiogram.dispatcher - WARNING - Received SIGINT signal
2025-07-29 13:32:12,019 - aiogram.dispatcher - INFO - Polling stopped for bot @Standart10_bot id=7987520742 - 'StandartBot'
2025-07-29 13:32:12,019 - aiogram.dispatcher - INFO - Polling stopped
2025-07-29 15:16:11,709 - __main__ - INFO - Бот запускается...
2025-07-29 15:16:11,710 - aiogram.dispatcher - INFO - Start polling
2025-07-29 15:16:11,928 - aiogram.dispatcher - INFO - Run polling for bot @Standart10_bot id=7987520742 - 'StandartBot'
2025-07-29 15:16:20,566 - aiogram.event - INFO - Update id=829031779 is handled. Duration 227 ms by bot id=7987520742
2025-07-29 15:16:38,087 - aiogram.event - INFO - Update id=829031780 is handled. Duration 254 ms by bot id=7987520742
2025-07-29 15:16:43,252 - aiogram.event - INFO - Update id=829031781 is handled. Duration 717 ms by bot id=7987520742
2025-07-29 15:16:54,011 - aiogram.event - INFO - Update id=829031782 is handled. Duration 226 ms by bot id=7987520742
2025-07-29 15:18:23,745 - aiogram.dispatcher - WARNING - Received SIGINT signal
2025-07-29 15:18:23,745 - aiogram.dispatcher - INFO - Polling stopped for bot @Standart10_bot id=7987520742 - 'StandartBot'
2025-07-29 15:18:23,745 - aiogram.dispatcher - INFO - Polling stopped
